<?xml version="1.0" encoding="UTF-8"?>
<testng-results skipped="0" failed="0" ignored="0" total="0" passed="0">
  <reporter-output>
  </reporter-output>
  <suite name="com.tutorialsninja.AppTest" duration-ms="5" started-at="2023-05-01T09:25:59 BST" finished-at="2023-05-01T09:25:59 BST">
    <groups>
    </groups>
    <test name="Command line test" duration-ms="5" started-at="2023-05-01T09:25:59 BST" finished-at="2023-05-01T09:25:59 BST">
    </test> <!-- Command line test -->
  </suite> <!-- com.tutorialsninja.AppTest -->
</testng-results>
